<?xml version="1.0" encoding="UTF-8"?>
<!-- Generated by org.testng.reporters.JUnitXMLReporter -->
<testsuite ignored="0" hostname="DEMONKING" failures="1" tests="4" name="Default test(failed)" time="0.197" errors="0" timestamp="2022-05-06T12:01:50 IST">
  <testcase classname="testng.DependsOnKeyword" name="login" time="0.021"/>
  <testcase classname="testng.DependsOnKeyword" name="dashboard" time="0.003"/>
  <testcase classname="testng.DependsOnKeyword" name="home" time="0.008">
    <failure type="java.lang.AssertionError" message="Test Case failed!!!!">
      <![CDATA[java.lang.AssertionError: Test Case failed!!!!
at testng.DependsOnKeyword.home(DependsOnKeyword.java:25)
at java.base/java.util.ArrayList.forEach(ArrayList.java:1511)
... Removed 28 stack frames]]>
    </failure>
  </testcase> <!-- home -->
  <testcase classname="testng.DependsOnKeyword" name="logout" time="0.0">
    <skipped/>
  </testcase> <!-- logout -->
</testsuite> <!-- Default test(failed) -->
