<?xml version="1.0" encoding="UTF-8"?>
<!-- Generated by org.testng.reporters.JUnitXMLReporter -->
<testsuite ignored="0" hostname="DEMONKING" failures="1" tests="1" name="Default test(failed)(failed)" time="9.646" errors="0" timestamp="2022-05-06T11:52:49 IST">
  <testcase classname="testng.SoftAssertions" name="login" time="9.511">
    <failure type="java.lang.AssertionError" message="The following asserts failed:
	expected [nfkrjfri] but found [https://www.google.com/]">
      <![CDATA[java.lang.AssertionError: The following asserts failed:
expected [nfkrjfri] but found [https://www.google.com/]
at testng.SoftAssertions.login(SoftAssertions.java:34)
at java.base/java.util.ArrayList.forEach(ArrayList.java:1511)
... Removed 29 stack frames]]>
    </failure>
  </testcase> <!-- login -->
</testsuite> <!-- Default test(failed)(failed) -->
